<?xml version="1.0" encoding="UTF-8"?>
<testng-results ignored="0" total="8" passed="8" failed="0" skipped="0">
  <reporter-output>
  </reporter-output>
  <suite started-at="2022-04-18T19:56:58 IST" name="Guru99 Banking Site" finished-at="2022-04-18T19:57:43 IST" duration-ms="44748">
    <groups>
    </groups>
    <test started-at="2022-04-18T19:56:58 IST" name="Guru99 Banking Tests" finished-at="2022-04-18T19:57:43 IST" duration-ms="44748">
      <class name="com.gurubank.qa.testcases.HomePageTest">
        <test-method is-config="true" signature="setUp()[pri:0, instance:com.gurubank.qa.testcases.HomePageTest@62150f9e]" started-at="2022-04-18T19:57:12 IST" name="setUp" finished-at="2022-04-18T19:57:17 IST" duration-ms="5315" status="PASS">
          <reporter-output>
          </reporter-output>
        </test-method> <!-- setUp -->
        <test-method signature="validateTitle()[pri:0, instance:com.gurubank.qa.testcases.HomePageTest@62150f9e]" started-at="2022-04-18T19:57:17 IST" name="validateTitle" finished-at="2022-04-18T19:57:17 IST" duration-ms="10" status="PASS">
          <reporter-output>
          </reporter-output>
        </test-method> <!-- validateTitle -->
        <test-method is-config="true" signature="tearDown()[pri:0, instance:com.gurubank.qa.testcases.HomePageTest@62150f9e]" started-at="2022-04-18T19:57:17 IST" name="tearDown" finished-at="2022-04-18T19:57:17 IST" duration-ms="144" status="PASS">
          <reporter-output>
          </reporter-output>
        </test-method> <!-- tearDown -->
        <test-method is-config="true" signature="setUp()[pri:0, instance:com.gurubank.qa.testcases.HomePageTest@62150f9e]" started-at="2022-04-18T19:57:17 IST" name="setUp" finished-at="2022-04-18T19:57:22 IST" duration-ms="5076" status="PASS">
          <reporter-output>
          </reporter-output>
        </test-method> <!-- setUp -->
        <test-method signature="validateLogo()[pri:1, instance:com.gurubank.qa.testcases.HomePageTest@62150f9e]" started-at="2022-04-18T19:57:22 IST" name="validateLogo" finished-at="2022-04-18T19:57:22 IST" duration-ms="48" status="PASS">
          <reporter-output>
          </reporter-output>
        </test-method> <!-- validateLogo -->
        <test-method is-config="true" signature="tearDown()[pri:0, instance:com.gurubank.qa.testcases.HomePageTest@62150f9e]" started-at="2022-04-18T19:57:22 IST" name="tearDown" finished-at="2022-04-18T19:57:23 IST" duration-ms="212" status="PASS">
          <reporter-output>
          </reporter-output>
        </test-method> <!-- tearDown -->
        <test-method is-config="true" signature="setUp()[pri:0, instance:com.gurubank.qa.testcases.HomePageTest@62150f9e]" started-at="2022-04-18T19:57:23 IST" name="setUp" finished-at="2022-04-18T19:57:28 IST" duration-ms="4941" status="PASS">
          <reporter-output>
          </reporter-output>
        </test-method> <!-- setUp -->
        <test-method signature="clickDeleteCustomerBtn()[pri:2, instance:com.gurubank.qa.testcases.HomePageTest@62150f9e]" started-at="2022-04-18T19:57:28 IST" name="clickDeleteCustomerBtn" finished-at="2022-04-18T19:57:29 IST" duration-ms="1236" status="PASS">
          <reporter-output>
          </reporter-output>
        </test-method> <!-- clickDeleteCustomerBtn -->
        <test-method is-config="true" signature="tearDown()[pri:0, instance:com.gurubank.qa.testcases.HomePageTest@62150f9e]" started-at="2022-04-18T19:57:29 IST" name="tearDown" finished-at="2022-04-18T19:57:29 IST" duration-ms="166" status="PASS">
          <reporter-output>
          </reporter-output>
        </test-method> <!-- tearDown -->
      </class> <!-- com.gurubank.qa.testcases.HomePageTest -->
      <class name="com.gurubank.qa.testcases.LoginPageTest">
        <test-method is-config="true" signature="setUp()[pri:0, instance:com.gurubank.qa.testcases.LoginPageTest@1cbbffcd]" started-at="2022-04-18T19:56:58 IST" name="setUp" finished-at="2022-04-18T19:57:02 IST" duration-ms="4487" status="PASS">
          <reporter-output>
          </reporter-output>
        </test-method> <!-- setUp -->
        <test-method signature="validateTitle()[pri:0, instance:com.gurubank.qa.testcases.LoginPageTest@1cbbffcd]" started-at="2022-04-18T19:57:02 IST" name="validateTitle" finished-at="2022-04-18T19:57:02 IST" duration-ms="14" status="PASS">
          <reporter-output>
          </reporter-output>
        </test-method> <!-- validateTitle -->
        <test-method is-config="true" signature="tearDown()[pri:0, instance:com.gurubank.qa.testcases.LoginPageTest@1cbbffcd]" started-at="2022-04-18T19:57:02 IST" name="tearDown" finished-at="2022-04-18T19:57:03 IST" duration-ms="178" status="PASS">
          <reporter-output>
          </reporter-output>
        </test-method> <!-- tearDown -->
        <test-method is-config="true" signature="setUp()[pri:0, instance:com.gurubank.qa.testcases.LoginPageTest@1cbbffcd]" started-at="2022-04-18T19:57:03 IST" name="setUp" finished-at="2022-04-18T19:57:06 IST" duration-ms="3475" status="PASS">
          <reporter-output>
          </reporter-output>
        </test-method> <!-- setUp -->
        <test-method signature="validateLogo()[pri:1, instance:com.gurubank.qa.testcases.LoginPageTest@1cbbffcd]" started-at="2022-04-18T19:57:06 IST" name="validateLogo" finished-at="2022-04-18T19:57:06 IST" duration-ms="68" status="PASS">
          <reporter-output>
          </reporter-output>
        </test-method> <!-- validateLogo -->
        <test-method is-config="true" signature="tearDown()[pri:0, instance:com.gurubank.qa.testcases.LoginPageTest@1cbbffcd]" started-at="2022-04-18T19:57:06 IST" name="tearDown" finished-at="2022-04-18T19:57:06 IST" duration-ms="146" status="PASS">
          <reporter-output>
          </reporter-output>
        </test-method> <!-- tearDown -->
        <test-method is-config="true" signature="setUp()[pri:0, instance:com.gurubank.qa.testcases.LoginPageTest@1cbbffcd]" started-at="2022-04-18T19:57:06 IST" name="setUp" finished-at="2022-04-18T19:57:10 IST" duration-ms="3927" status="PASS">
          <reporter-output>
          </reporter-output>
        </test-method> <!-- setUp -->
        <test-method signature="loginToApp()[pri:2, instance:com.gurubank.qa.testcases.LoginPageTest@1cbbffcd]" started-at="2022-04-18T19:57:10 IST" name="loginToApp" finished-at="2022-04-18T19:57:12 IST" duration-ms="1565" status="PASS">
          <reporter-output>
          </reporter-output>
        </test-method> <!-- loginToApp -->
        <test-method is-config="true" signature="tearDown()[pri:0, instance:com.gurubank.qa.testcases.LoginPageTest@1cbbffcd]" started-at="2022-04-18T19:57:12 IST" name="tearDown" finished-at="2022-04-18T19:57:12 IST" duration-ms="156" status="PASS">
          <reporter-output>
          </reporter-output>
        </test-method> <!-- tearDown -->
      </class> <!-- com.gurubank.qa.testcases.LoginPageTest -->
      <class name="com.gurubank.qa.testcases.DeleteCustomerTest">
        <test-method is-config="true" signature="setUp()[pri:0, instance:com.gurubank.qa.testcases.DeleteCustomerTest@15ff3e9e]" started-at="2022-04-18T19:57:29 IST" name="setUp" finished-at="2022-04-18T19:57:35 IST" duration-ms="6192" status="PASS">
          <reporter-output>
          </reporter-output>
        </test-method> <!-- setUp -->
        <test-method signature="validateTitle()[pri:0, instance:com.gurubank.qa.testcases.DeleteCustomerTest@15ff3e9e]" started-at="2022-04-18T19:57:35 IST" name="validateTitle" finished-at="2022-04-18T19:57:35 IST" duration-ms="10" status="PASS">
          <reporter-output>
          </reporter-output>
        </test-method> <!-- validateTitle -->
        <test-method is-config="true" signature="tearDown()[pri:0, instance:com.gurubank.qa.testcases.DeleteCustomerTest@15ff3e9e]" started-at="2022-04-18T19:57:35 IST" name="tearDown" finished-at="2022-04-18T19:57:35 IST" duration-ms="181" status="PASS">
          <reporter-output>
          </reporter-output>
        </test-method> <!-- tearDown -->
        <test-method is-config="true" signature="setUp()[pri:0, instance:com.gurubank.qa.testcases.DeleteCustomerTest@15ff3e9e]" started-at="2022-04-18T19:57:35 IST" name="setUp" finished-at="2022-04-18T19:57:42 IST" duration-ms="6245" status="PASS">
          <reporter-output>
          </reporter-output>
        </test-method> <!-- setUp -->
        <test-method signature="deleteCustomer()[pri:1, instance:com.gurubank.qa.testcases.DeleteCustomerTest@15ff3e9e]" started-at="2022-04-18T19:57:42 IST" name="deleteCustomer" finished-at="2022-04-18T19:57:42 IST" duration-ms="679" status="PASS">
          <reporter-output>
          </reporter-output>
        </test-method> <!-- deleteCustomer -->
        <test-method is-config="true" signature="tearDown()[pri:0, instance:com.gurubank.qa.testcases.DeleteCustomerTest@15ff3e9e]" started-at="2022-04-18T19:57:42 IST" name="tearDown" finished-at="2022-04-18T19:57:43 IST" duration-ms="219" status="PASS">
          <reporter-output>
          </reporter-output>
        </test-method> <!-- tearDown -->
      </class> <!-- com.gurubank.qa.testcases.DeleteCustomerTest -->
    </test> <!-- Guru99 Banking Tests -->
  </suite> <!-- Guru99 Banking Site -->
</testng-results>
