<?xml version="1.0" encoding="UTF-8"?>
<!-- Generated by org.testng.reporters.JUnitXMLReporter -->
<testsuite ignored="0" hostname="Srinivasulu" failures="0" tests="8" name="Guru99 Banking Tests" time="44.748" errors="0" timestamp="2022-04-18T19:57:43 IST">
  <testcase classname="com.gurubank.qa.testcases.LoginPageTest" name="validateTitle" time="0.014"/>
  <testcase classname="com.gurubank.qa.testcases.LoginPageTest" name="validateLogo" time="0.068"/>
  <testcase classname="com.gurubank.qa.testcases.LoginPageTest" name="loginToApp" time="1.565"/>
  <testcase classname="com.gurubank.qa.testcases.HomePageTest" name="validateTitle" time="0.01"/>
  <testcase classname="com.gurubank.qa.testcases.HomePageTest" name="validateLogo" time="0.048"/>
  <testcase classname="com.gurubank.qa.testcases.HomePageTest" name="clickDeleteCustomerBtn" time="1.236"/>
  <testcase classname="com.gurubank.qa.testcases.DeleteCustomerTest" name="validateTitle" time="0.01"/>
  <testcase classname="com.gurubank.qa.testcases.DeleteCustomerTest" name="deleteCustomer" time="0.679"/>
</testsuite> <!-- Guru99 Banking Tests -->
